0 info it worked if it ends with ok
1 verbose cli [ '/usr/local/bin/node',
1 verbose cli   '/usr/local/bin/npm',
1 verbose cli   'install',
1 verbose cli   '-g',
1 verbose cli   'bower' ]
2 info using npm@2.15.9
3 info using node@v4.6.0
4 verbose install initial load of /usr/local/lib/package.json
5 verbose readDependencies loading dependencies from /usr/local/lib/package.json
6 silly cache add args [ 'bower', null ]
7 verbose cache add spec bower
8 silly cache add parsed spec Result {
8 silly cache add   raw: 'bower',
8 silly cache add   scope: null,
8 silly cache add   name: 'bower',
8 silly cache add   rawSpec: '',
8 silly cache add   spec: 'latest',
8 silly cache add   type: 'tag' }
9 silly addNamed bower@latest
10 verbose addNamed "latest" is being treated as a dist-tag for bower
11 info addNameTag [ 'bower', 'latest' ]
12 silly mapToRegistry name bower
13 silly mapToRegistry using default registry
14 silly mapToRegistry registry https://registry.npmjs.org/
15 silly mapToRegistry data Result {
15 silly mapToRegistry   raw: 'bower',
15 silly mapToRegistry   scope: null,
15 silly mapToRegistry   name: 'bower',
15 silly mapToRegistry   rawSpec: '',
15 silly mapToRegistry   spec: 'latest',
15 silly mapToRegistry   type: 'tag' }
16 silly mapToRegistry uri https://registry.npmjs.org/bower
17 verbose addNameTag registry:https://registry.npmjs.org/bower not in flight; fetching
18 verbose request uri https://registry.npmjs.org/bower
19 verbose request no auth needed
20 info attempt registry request try #1 at 1:00:10 AM
21 verbose request id d3b809490fbe9ef1
22 verbose etag "AF5UNMKBS303Q9X5PF5HPY6F6"
23 http request GET https://registry.npmjs.org/bower
24 http 304 https://registry.npmjs.org/bower
25 verbose headers { date: 'Sun, 16 Oct 2016 16:00:11 GMT',
25 verbose headers   via: '1.1 varnish',
25 verbose headers   'cache-control': 'max-age=300',
25 verbose headers   etag: '"AF5UNMKBS303Q9X5PF5HPY6F6"',
25 verbose headers   age: '75',
25 verbose headers   connection: 'keep-alive',
25 verbose headers   'x-served-by': 'cache-hkg6826-HKG',
25 verbose headers   'x-cache': 'HIT',
25 verbose headers   'x-cache-hits': '2',
25 verbose headers   'x-timer': 'S1476633611.077732,VS0,VE0',
25 verbose headers   vary: 'Accept-Encoding' }
26 silly get cb [ 304,
26 silly get   { date: 'Sun, 16 Oct 2016 16:00:11 GMT',
26 silly get     via: '1.1 varnish',
26 silly get     'cache-control': 'max-age=300',
26 silly get     etag: '"AF5UNMKBS303Q9X5PF5HPY6F6"',
26 silly get     age: '75',
26 silly get     connection: 'keep-alive',
26 silly get     'x-served-by': 'cache-hkg6826-HKG',
26 silly get     'x-cache': 'HIT',
26 silly get     'x-cache-hits': '2',
26 silly get     'x-timer': 'S1476633611.077732,VS0,VE0',
26 silly get     vary: 'Accept-Encoding' } ]
27 verbose etag https://registry.npmjs.org/bower from cache
28 verbose get saving bower to /Users/SEOYOMI/.npm/registry.npmjs.org/bower/.cache.json
29 verbose correctMkdir /Users/SEOYOMI/.npm correctMkdir not in flight; initializing
30 silly addNameTag next cb for bower with tag latest
31 silly addNamed bower@1.7.9
32 verbose addNamed "1.7.9" is a plain semver version for bower
33 silly mapToRegistry name bower
34 silly mapToRegistry using default registry
35 silly mapToRegistry registry https://registry.npmjs.org/
36 silly mapToRegistry data Result {
36 silly mapToRegistry   raw: 'bower',
36 silly mapToRegistry   scope: null,
36 silly mapToRegistry   name: 'bower',
36 silly mapToRegistry   rawSpec: '',
36 silly mapToRegistry   spec: 'latest',
36 silly mapToRegistry   type: 'tag' }
37 silly mapToRegistry uri https://registry.npmjs.org/bower
38 verbose addRemoteTarball https://registry.npmjs.org/bower/-/bower-1.7.9.tgz not in flight; adding
39 verbose addRemoteTarball [ 'https://registry.npmjs.org/bower/-/bower-1.7.9.tgz',
39 verbose addRemoteTarball   'b7296c2393e0d75edaa6ca39648132dd255812b0' ]
40 info retry fetch attempt 1 at 1:00:10 AM
41 info attempt registry request try #1 at 1:00:10 AM
42 http fetch GET https://registry.npmjs.org/bower/-/bower-1.7.9.tgz
43 http fetch 200 https://registry.npmjs.org/bower/-/bower-1.7.9.tgz
44 silly fetchAndShaCheck shasum b7296c2393e0d75edaa6ca39648132dd255812b0
45 verbose addTmpTarball /var/folders/x7/qqbjzn7567d_mvzg0gt36hnh0000gn/T/npm-15907-657f3276/registry.npmjs.org/bower/-/bower-1.7.9.tgz not in flight; adding
46 verbose addTmpTarball already have metadata; skipping unpack for bower@1.7.9
47 verbose correctMkdir /Users/SEOYOMI/.npm correctMkdir not in flight; initializing
48 silly cache afterAdd bower@1.7.9
49 verbose afterAdd /Users/SEOYOMI/.npm/bower/1.7.9/package/package.json not in flight; writing
50 verbose correctMkdir /Users/SEOYOMI/.npm correctMkdir not in flight; initializing
51 verbose afterAdd /Users/SEOYOMI/.npm/bower/1.7.9/package/package.json written
52 silly install resolved [ { name: 'bower',
52 silly install resolved     version: '1.7.9',
52 silly install resolved     description: 'The browser package manager',
52 silly install resolved     author: { name: 'Twitter' },
52 silly install resolved     license: 'MIT',
52 silly install resolved     repository: { type: 'git', url: 'git+https://github.com/bower/bower.git' },
52 silly install resolved     main: 'lib',
52 silly install resolved     bin: { bower: 'bin/bower' },
52 silly install resolved     homepage: 'http://bower.io',
52 silly install resolved     engines: { node: '>=0.10.0' },
52 silly install resolved     keywords: [ 'bower' ],
52 silly install resolved     files: [ 'bin', 'lib' ],
52 silly install resolved     bugs: { url: 'https://github.com/bower/bower/issues' },
52 silly install resolved     _id: 'bower@1.7.9',
52 silly install resolved     scripts: {},
52 silly install resolved     _shasum: 'b7296c2393e0d75edaa6ca39648132dd255812b0',
52 silly install resolved     _from: 'bower@latest',
52 silly install resolved     _npmVersion: '3.7.3',
52 silly install resolved     _nodeVersion: '5.9.0',
52 silly install resolved     _npmUser: { name: 'sheerun', email: 'sheerun@sher.pl' },
52 silly install resolved     dist:
52 silly install resolved      { shasum: 'b7296c2393e0d75edaa6ca39648132dd255812b0',
52 silly install resolved        tarball: 'https://registry.npmjs.org/bower/-/bower-1.7.9.tgz' },
52 silly install resolved     maintainers:
52 silly install resolved      [ [Object],
52 silly install resolved        [Object],
52 silly install resolved        [Object],
52 silly install resolved        [Object],
52 silly install resolved        [Object],
52 silly install resolved        [Object],
52 silly install resolved        [Object] ],
52 silly install resolved     _npmOperationalInternal:
52 silly install resolved      { host: 'packages-12-west.internal.npmjs.com',
52 silly install resolved        tmp: 'tmp/bower-1.7.9.tgz_1459857239351_0.9720134933013469' },
52 silly install resolved     directories: {},
52 silly install resolved     _resolved: 'https://registry.npmjs.org/bower/-/bower-1.7.9.tgz' } ]
53 info install bower@1.7.9 into /usr/local/lib
54 info installOne bower@1.7.9
55 verbose installOne of bower to /usr/local/lib not in flight; installing
56 verbose correctMkdir /Users/SEOYOMI/.npm/_locks correctMkdir not in flight; initializing
57 verbose lock using /Users/SEOYOMI/.npm/_locks/bower-e8debc5417026b57.lock for /usr/local/lib/node_modules/bower
58 silly install write writing bower 1.7.9 to /usr/local/lib/node_modules/bower
59 verbose unbuild lib/node_modules/bower
60 silly gentlyRm /usr/local/lib/node_modules/bower is being purged from base /usr/local
61 verbose gentlyRm don't care about contents; nuking /usr/local/lib/node_modules/bower
62 verbose tar unpack /Users/SEOYOMI/.npm/bower/1.7.9/package.tgz
63 verbose tar unpacking to /usr/local/lib/node_modules/bower
64 silly gentlyRm /usr/local/lib/node_modules/bower is being purged
65 verbose gentlyRm don't care about contents; nuking /usr/local/lib/node_modules/bower
66 silly gunzTarPerm modes [ '705', '604' ]
67 error tar.unpack untar error /Users/SEOYOMI/.npm/bower/1.7.9/package.tgz
68 verbose unlock done using /Users/SEOYOMI/.npm/_locks/bower-e8debc5417026b57.lock for /usr/local/lib/node_modules/bower
69 verbose fstream_path /usr/local/lib/node_modules/bower
70 verbose fstream_type Directory
71 verbose fstream_class DirWriter
72 verbose stack Error: EACCES: permission denied, mkdir '/usr/local/lib/node_modules/bower'
72 verbose stack     at Error (native)
73 verbose fstream_stack /usr/local/lib/node_modules/npm/node_modules/fstream/lib/dir-writer.js:35:25
73 verbose fstream_stack /usr/local/lib/node_modules/npm/node_modules/mkdirp/index.js:47:53
73 verbose fstream_stack FSReqWrap.oncomplete (fs.js:82:15)
74 verbose cwd /Users/SEOYOMI/fuse
75 error Darwin 15.6.0
76 error argv "/usr/local/bin/node" "/usr/local/bin/npm" "install" "-g" "bower"
77 error node v4.6.0
78 error npm  v2.15.9
79 error path /usr/local/lib/node_modules/bower
80 error code EACCES
81 error errno -13
82 error syscall mkdir
83 error Error: EACCES: permission denied, mkdir '/usr/local/lib/node_modules/bower'
83 error     at Error (native)
83 error  { [Error: EACCES: permission denied, mkdir '/usr/local/lib/node_modules/bower']
83 error   errno: -13,
83 error   code: 'EACCES',
83 error   syscall: 'mkdir',
83 error   path: '/usr/local/lib/node_modules/bower',
83 error   fstream_type: 'Directory',
83 error   fstream_path: '/usr/local/lib/node_modules/bower',
83 error   fstream_class: 'DirWriter',
83 error   fstream_stack:
83 error    [ '/usr/local/lib/node_modules/npm/node_modules/fstream/lib/dir-writer.js:35:25',
83 error      '/usr/local/lib/node_modules/npm/node_modules/mkdirp/index.js:47:53',
83 error      'FSReqWrap.oncomplete (fs.js:82:15)' ] }
84 error Please try running this command again as root/Administrator.
85 verbose exit [ -13, true ]
86 verbose unbuild lib/node_modules/bower
87 silly gentlyRm /usr/local/lib/node_modules/bower is being purged from base /usr/local
88 verbose gentlyRm don't care about contents; nuking /usr/local/lib/node_modules/bower
